<?xml version="1.0" encoding="UTF-8"?>
<!-- Generated by org.testng.reporters.JUnitReportReporter -->
<testsuite hostname="ASPIRE" failures="0" tests="1" name="testCases.TC002_AccountLoginTest" time="5.074" errors="0" timestamp="2025-09-06T08:04:15 IST" skipped="0">
  <testcase classname="testCases.TC002_AccountLoginTest" name="verify_account_login" time="5.074"/>
</testsuite> <!-- testCases.TC002_AccountLoginTest -->
