<?xml version="1.0" encoding="UTF-8"?>
<!-- Generated by org.testng.reporters.JUnitReportReporter -->
<testsuite hostname="ASPIRE" failures="0" tests="1" name="testCases.TC001_AccountRegistrationTest" time="2.446" errors="0" timestamp="2025-09-06T08:04:15 IST" skipped="0">
  <testcase classname="testCases.TC001_AccountRegistrationTest" name="verify_account_registration" time="2.446"/>
</testsuite> <!-- testCases.TC001_AccountRegistrationTest -->
