<?xml version="1.0" encoding="UTF-8"?>
<!-- Generated by org.testng.reporters.JUnitReportReporter -->
<testsuite hostname="ASPIRE" failures="0" tests="1" name="testCases.TC002_AccountLoginTest" time="7.619" errors="0" timestamp="2025-09-06T09:06:48 IST" skipped="0">
  <testcase classname="testCases.TC002_AccountLoginTest" name="verify_account_login" time="7.619"/>
</testsuite> <!-- testCases.TC002_AccountLoginTest -->
